\BOOKMARK [1][-]{section*.1}{\376\377\000A\000b\000s\000t\000r\000a\000c\000t}{}% 1
\BOOKMARK [1][-]{section.1}{\376\377\0001\000\040\000I\000n\000t\000r\000o\000d\000u\000c\000t\000i\000o\000n}{}% 2
\BOOKMARK [1][-]{section.2}{\376\377\0002\000\040\000R\000e\000l\000a\000t\000e\000d\000\040\000W\000o\000r\000k}{}% 3
\BOOKMARK [2][-]{subsection.2.1}{\376\377\0002\000.\0001\000\040\000T\000r\000a\000d\000i\000t\000i\000o\000n\000a\000l\000\040\000C\000l\000o\000u\000d\000\040\000S\000y\000n\000c\000\040\000S\000e\000r\000v\000i\000c\000e\000s}{section.2}% 4
\BOOKMARK [2][-]{subsection.2.2}{\376\377\0002\000.\0002\000\040\000D\000i\000s\000t\000r\000i\000b\000u\000t\000e\000d\000\040\000F\000i\000l\000e\000\040\000S\000y\000s\000t\000e\000m\000s}{section.2}% 5
\BOOKMARK [2][-]{subsection.2.3}{\376\377\0002\000.\0003\000\040\000V\000i\000r\000t\000u\000a\000l\000\040\000D\000i\000s\000t\000r\000i\000b\000u\000t\000e\000d\000\040\000F\000i\000l\000e\000\040\000S\000y\000s\000t\000e\000m\000s\000\040\000i\000n\000\040\000t\000h\000e\000\040\000D\000a\000t\000a\000c\000e\000n\000t\000e\000r}{section.2}% 6
\BOOKMARK [2][-]{subsection.2.4}{\376\377\0002\000.\0004\000\040\000P\000e\000r\000s\000o\000n\000a\000l\000\040\000K\000n\000o\000w\000l\000e\000d\000g\000e\000\040\000M\000a\000n\000a\000g\000e\000m\000e\000n\000t}{section.2}% 7
\BOOKMARK [2][-]{subsection.2.5}{\376\377\0002\000.\0005\000\040\000S\000e\000l\000f\000-\000H\000o\000s\000t\000e\000d\000\040\000S\000o\000l\000u\000t\000i\000o\000n\000s}{section.2}% 8
\BOOKMARK [2][-]{subsection.2.6}{\376\377\0002\000.\0006\000\040\000S\000e\000m\000a\000n\000t\000i\000c\000\040\000F\000i\000l\000e\000\040\000S\000y\000s\000t\000e\000m\000s}{section.2}% 9
\BOOKMARK [2][-]{subsection.2.7}{\376\377\0002\000.\0007\000\040\000C\000o\000m\000p\000a\000r\000a\000t\000i\000v\000e\000\040\000A\000n\000a\000l\000y\000s\000i\000s}{section.2}% 10
\BOOKMARK [2][-]{subsection.2.8}{\376\377\0002\000.\0008\000\040\000C\000o\000m\000m\000a\000n\000d\000-\000L\000i\000n\000e\000\040\000D\000a\000t\000a\000\040\000M\000o\000v\000e\000r\000s}{section.2}% 11
\BOOKMARK [1][-]{section.3}{\376\377\0003\000\040\000L\000e\000a\000r\000n\000i\000n\000g\000\040\000f\000r\000o\000m\000\040\000t\000h\000e\000\040\000P\000a\000s\000t\000:\000\040\000A\000r\000c\000h\000i\000t\000e\000c\000t\000u\000r\000a\000l\000\040\000E\000v\000o\000l\000u\000t\000i\000o\000n\000\040\000f\000r\000o\000m\000\040\000S\000p\000a\000c\000e\000d\000r\000i\000v\000e\000\040\000v\0001}{}% 12
\BOOKMARK [2][-]{subsection.3.1}{\376\377\0003\000.\0001\000\040\000K\000e\000y\000\040\000C\000h\000a\000l\000l\000e\000n\000g\000e\000s\000\040\000i\000n\000\040\000t\000h\000e\000\040\000O\000r\000i\000g\000i\000n\000a\000l\000\040\000A\000r\000c\000h\000i\000t\000e\000c\000t\000u\000r\000e}{section.3}% 13
\BOOKMARK [2][-]{subsection.3.2}{\376\377\0003\000.\0002\000\040\000S\000p\000a\000c\000e\000d\000r\000i\000v\000e\000\040\000v\0002\000\040\000a\000s\000\040\000a\000n\000\040\000A\000r\000c\000h\000i\000t\000e\000c\000t\000u\000r\000a\000l\000\040\000S\000o\000l\000u\000t\000i\000o\000n}{section.3}% 14
\BOOKMARK [1][-]{section.4}{\376\377\0004\000\040\000T\000h\000e\000\040\000S\000p\000a\000c\000e\000d\000r\000i\000v\000e\000\040\000A\000r\000c\000h\000i\000t\000e\000c\000t\000u\000r\000e}{}% 15
\BOOKMARK [2][-]{subsection.4.1}{\376\377\0004\000.\0001\000\040\000T\000h\000e\000\040\000V\000D\000F\000S\000\040\000M\000o\000d\000e\000l}{section.4}% 16
\BOOKMARK [2][-]{subsection.4.2}{\376\377\0004\000.\0002\000\040\000C\000o\000n\000t\000e\000n\000t\000\040\000I\000d\000e\000n\000t\000i\000t\000y\000:\000\040\000T\000h\000e\000\040\000F\000o\000u\000n\000d\000a\000t\000i\000o\000n\000\040\000f\000o\000r\000\040\000D\000e\000d\000u\000p\000l\000i\000c\000a\000t\000i\000o\000n\000\040\000a\000n\000d\000\040\000R\000e\000d\000u\000n\000d\000a\000n\000c\000y}{section.4}% 17
\BOOKMARK [2][-]{subsection.4.3}{\376\377\0004\000.\0003\000\040\000T\000h\000e\000\040\000I\000n\000d\000e\000x\000i\000n\000g\000\040\000E\000n\000g\000i\000n\000e\000:\000\040\000A\000\040\000M\000u\000l\000t\000i\000-\000P\000h\000a\000s\000e\000\040\000A\000r\000c\000h\000i\000t\000e\000c\000t\000u\000r\000e}{section.4}% 18
\BOOKMARK [2][-]{subsection.4.4}{\376\377\0004\000.\0004\000\040\000T\000h\000e\000\040\000T\000r\000a\000n\000s\000a\000c\000t\000i\000o\000n\000a\000l\000\040\000A\000c\000t\000i\000o\000n\000\040\000S\000y\000s\000t\000e\000m}{section.4}% 19
\BOOKMARK [2][-]{subsection.4.5}{\376\377\0004\000.\0005\000\040\000L\000i\000b\000r\000a\000r\000y\000\040\000S\000y\000n\000c\000\040\000a\000n\000d\000\040\000N\000e\000t\000w\000o\000r\000k\000i\000n\000g}{section.4}% 20
\BOOKMARK [2][-]{subsection.4.6}{\376\377\0004\000.\0006\000\040\000P\000r\000a\000c\000t\000i\000c\000a\000l\000\040\000C\000o\000n\000f\000l\000i\000c\000t\000\040\000R\000e\000s\000o\000l\000u\000t\000i\000o\000n}{section.4}% 21
\BOOKMARK [2][-]{subsection.4.7}{\376\377\0004\000.\0007\000\040\000A\000I\000-\000N\000a\000t\000i\000v\000e\000\040\000V\000D\000F\000S\000:\000\040\000F\000r\000o\000m\000\040\000S\000e\000m\000a\000n\000t\000i\000c\000\040\000S\000e\000a\000r\000c\000h\000\040\000t\000o\000\040\000I\000n\000t\000e\000l\000l\000i\000g\000e\000n\000t\000\040\000M\000a\000n\000a\000g\000e\000m\000e\000n\000t}{section.4}% 22
\BOOKMARK [2][-]{subsection.4.8}{\376\377\0004\000.\0008\000\040\000T\000e\000m\000p\000o\000r\000a\000l\000-\000S\000e\000m\000a\000n\000t\000i\000c\000\040\000S\000e\000a\000r\000c\000h\000:\000\040\000A\000n\000\040\000A\000s\000y\000n\000c\000h\000r\000o\000n\000o\000u\000s\000,\000\040\000J\000o\000b\000-\000B\000a\000s\000e\000d\000\040\000A\000r\000c\000h\000i\000t\000e\000c\000t\000u\000r\000e}{section.4}% 23
\BOOKMARK [2][-]{subsection.4.9}{\376\377\0004\000.\0009\000\040\000N\000a\000t\000i\000v\000e\000\040\000S\000t\000o\000r\000a\000g\000e\000\040\000T\000i\000e\000r\000i\000n\000g\000:\000\040\000R\000e\000c\000o\000n\000c\000i\000l\000i\000n\000g\000\040\000P\000h\000y\000s\000i\000c\000a\000l\000\040\000R\000e\000a\000l\000i\000t\000y\000\040\000a\000n\000d\000\040\000U\000s\000e\000r\000\040\000I\000n\000t\000e\000n\000t}{section.4}% 24
\BOOKMARK [2][-]{subsection.4.10}{\376\377\0004\000.\0001\0000\000\040\000V\000o\000l\000u\000m\000e\000\040\000C\000l\000a\000s\000s\000i\000f\000i\000c\000a\000t\000i\000o\000n}{section.4}% 25
\BOOKMARK [2][-]{subsection.4.11}{\376\377\0004\000.\0001\0001\000\040\000P\000l\000a\000t\000f\000o\000r\000m\000\040\000I\000n\000t\000e\000g\000r\000a\000t\000i\000o\000n\000s\000:\000\040\000U\000n\000i\000f\000i\000e\000d\000\040\000A\000c\000c\000e\000s\000s\000\040\000t\000o\000\040\000T\000r\000a\000d\000i\000t\000i\000o\000n\000a\000l\000\040\000a\000n\000d\000\040\000M\000o\000d\000e\000r\000n\000\040\000S\000t\000o\000r\000a\000g\000e}{section.4}% 26
\BOOKMARK [1][-]{section.5}{\376\377\0005\000\040\000A\000r\000c\000h\000i\000t\000e\000c\000t\000u\000r\000a\000l\000\040\000A\000p\000p\000l\000i\000c\000a\000t\000i\000o\000n\000:\000\040\000A\000\040\000N\000a\000t\000i\000v\000e\000\040\000C\000l\000o\000u\000d\000\040\000S\000e\000r\000v\000i\000c\000e}{}% 27
\BOOKMARK [2][-]{subsection.5.1}{\376\377\0005\000.\0001\000\040\000C\000o\000r\000e\000\040\000P\000r\000i\000n\000c\000i\000p\000l\000e\000:\000\040\000M\000a\000n\000a\000g\000e\000d\000\040\000C\000o\000r\000e\000s\000\040\000a\000s\000\040\000F\000i\000r\000s\000t\000-\000C\000l\000a\000s\000s\000\040\000D\000e\000v\000i\000c\000e\000s}{section.5}% 28
\BOOKMARK [2][-]{subsection.5.2}{\376\377\0005\000.\0002\000\040\000I\000n\000t\000e\000g\000r\000a\000t\000i\000o\000n\000\040\000a\000n\000d\000\040\000U\000s\000e\000r\000\040\000E\000x\000p\000e\000r\000i\000e\000n\000c\000e}{section.5}% 29
\BOOKMARK [2][-]{subsection.5.3}{\376\377\0005\000.\0003\000\040\000C\000l\000o\000u\000d\000-\000N\000a\000t\000i\000v\000e\000\040\000A\000r\000c\000h\000i\000t\000e\000c\000t\000u\000r\000e\000\040\000a\000n\000d\000\040\000D\000a\000t\000a\000\040\000I\000s\000o\000l\000a\000t\000i\000o\000n}{section.5}% 30
\BOOKMARK [2][-]{subsection.5.4}{\376\377\0005\000.\0004\000\040\000B\000e\000n\000e\000f\000i\000t\000s\000\040\000o\000f\000\040\000t\000h\000e\000\040\000H\000y\000b\000r\000i\000d\000\040\000M\000o\000d\000e\000l}{section.5}% 31
\BOOKMARK [2][-]{subsection.5.5}{\376\377\0005\000.\0005\000\040\000E\000n\000t\000e\000r\000p\000r\000i\000s\000e\000\040\000D\000e\000p\000l\000o\000y\000m\000e\000n\000t\000\040\000a\000n\000d\000\040\000D\000a\000t\000a\000\040\000S\000o\000v\000e\000r\000e\000i\000g\000n\000t\000y}{section.5}% 32
\BOOKMARK [2][-]{subsection.5.6}{\376\377\0005\000.\0006\000\040\000C\000o\000l\000l\000a\000b\000o\000r\000a\000t\000i\000o\000n\000\040\000a\000n\000d\000\040\000P\000u\000b\000l\000i\000c\000\040\000S\000h\000a\000r\000i\000n\000g}{section.5}% 33
\BOOKMARK [1][-]{section.6}{\376\377\0006\000\040\000I\000m\000p\000l\000e\000m\000e\000n\000t\000a\000t\000i\000o\000n\000\040\000a\000n\000d\000\040\000E\000v\000a\000l\000u\000a\000t\000i\000o\000n}{}% 34
\BOOKMARK [2][-]{subsection.6.1}{\376\377\0006\000.\0001\000\040\000T\000e\000c\000h\000n\000o\000l\000o\000g\000y\000\040\000S\000t\000a\000c\000k}{section.6}% 35
\BOOKMARK [2][-]{subsection.Alph0.1}{\376\377\000.\0001\000\040\000D\000a\000t\000a\000b\000a\000s\000e\000\040\000S\000c\000h\000e\000m\000a\000\040\000O\000p\000t\000i\000m\000i\000z\000a\000t\000i\000o\000n}{section.6}% 36
\BOOKMARK [2][-]{subsection.Alph0.2}{\376\377\000.\0002\000\040\000T\000e\000s\000t\000i\000n\000g\000\040\000a\000n\000d\000\040\000V\000a\000l\000i\000d\000a\000t\000i\000o\000n\000\040\000F\000r\000a\000m\000e\000w\000o\000r\000k}{section.6}% 37
\BOOKMARK [2][-]{subsection.Alph0.3}{\376\377\000.\0003\000\040\000C\000o\000m\000p\000a\000t\000i\000b\000i\000l\000i\000t\000y\000\040\000a\000n\000d\000\040\000I\000n\000t\000e\000r\000o\000p\000e\000r\000a\000b\000i\000l\000i\000t\000y}{section.6}% 38
\BOOKMARK [2][-]{subsection.Alph0.4}{\376\377\000.\0004\000\040\000S\000c\000a\000l\000a\000b\000i\000l\000i\000t\000y\000\040\000L\000i\000m\000i\000t\000s\000\040\000a\000n\000d\000\040\000A\000r\000c\000h\000i\000t\000e\000c\000t\000u\000r\000a\000l\000\040\000B\000o\000u\000n\000d\000a\000r\000i\000e\000s}{section.6}% 39
\BOOKMARK [2][-]{subsection.Alph0.5}{\376\377\000.\0005\000\040\000F\000a\000i\000l\000u\000r\000e\000\040\000R\000e\000c\000o\000v\000e\000r\000y\000\040\000S\000c\000e\000n\000a\000r\000i\000o\000s}{section.6}% 40
\BOOKMARK [2][-]{subsection.Alph0.6}{\376\377\000.\0006\000\040\000E\000x\000t\000e\000n\000s\000i\000b\000i\000l\000i\000t\000y\000\040\000A\000r\000c\000h\000i\000t\000e\000c\000t\000u\000r\000e}{section.6}% 41
\BOOKMARK [2][-]{subsection.Alph0.7}{\376\377\000.\0007\000\040\000E\000x\000t\000e\000n\000s\000i\000b\000i\000l\000i\000t\000y\000\040\000B\000e\000y\000o\000n\000d\000\040\000S\000t\000o\000r\000a\000g\000e\000:\000\040\000D\000a\000t\000a\000\040\000I\000n\000g\000e\000s\000t\000i\000o\000n\000\040\000A\000g\000e\000n\000t\000s}{section.6}% 42
\BOOKMARK [1][-]{appendix.A}{\376\377\000A\000\040\000S\000e\000c\000u\000r\000i\000t\000y\000\040\000a\000n\000d\000\040\000P\000r\000i\000v\000a\000c\000y\000\040\000M\000o\000d\000e\000l}{}% 43
\BOOKMARK [2][-]{subsection.A.1}{\376\377\000A\000.\0001\000\040\000D\000a\000t\000a\000\040\000P\000r\000o\000t\000e\000c\000t\000i\000o\000n\000\040\000a\000t\000\040\000R\000e\000s\000t}{appendix.A}% 44
\BOOKMARK [2][-]{subsection.A.2}{\376\377\000A\000.\0002\000\040\000N\000e\000t\000w\000o\000r\000k\000\040\000S\000e\000c\000u\000r\000i\000t\000y}{appendix.A}% 45
\BOOKMARK [2][-]{subsection.A.3}{\376\377\000A\000.\0003\000\040\000C\000r\000e\000d\000e\000n\000t\000i\000a\000l\000\040\000M\000a\000n\000a\000g\000e\000m\000e\000n\000t}{appendix.A}% 46
\BOOKMARK [2][-]{subsection.A.4}{\376\377\000A\000.\0004\000\040\000T\000h\000r\000e\000a\000t\000\040\000M\000o\000d\000e\000l}{appendix.A}% 47
\BOOKMARK [2][-]{subsection.A.5}{\376\377\000A\000.\0005\000\040\000C\000e\000r\000t\000i\000f\000i\000c\000a\000t\000e\000\040\000P\000i\000n\000n\000i\000n\000g\000\040\000a\000n\000d\000\040\000A\000P\000I\000\040\000S\000e\000c\000u\000r\000i\000t\000y}{appendix.A}% 48
\BOOKMARK [2][-]{subsection.A.6}{\376\377\000A\000.\0006\000\040\000R\000a\000t\000e\000\040\000L\000i\000m\000i\000t\000i\000n\000g\000\040\000a\000n\000d\000\040\000A\000b\000u\000s\000e\000\040\000P\000r\000e\000v\000e\000n\000t\000i\000o\000n}{appendix.A}% 49
\BOOKMARK [2][-]{subsection.A.7}{\376\377\000A\000.\0007\000\040\000A\000u\000d\000i\000t\000\040\000L\000o\000g\000\040\000S\000y\000s\000t\000e\000m}{appendix.A}% 50
\BOOKMARK [2][-]{subsection.A.8}{\376\377\000A\000.\0008\000\040\000S\000p\000a\000c\000e\000d\000r\000i\000v\000e\000\040\000C\000l\000o\000u\000d\000\040\000S\000e\000r\000v\000i\000c\000e\000\040\000P\000r\000i\000v\000a\000c\000y\000\040\000M\000o\000d\000e\000l}{appendix.A}% 51
\BOOKMARK [2][-]{subsection.A.9}{\376\377\000A\000.\0009\000\040\000P\000r\000i\000v\000a\000c\000y\000-\000P\000r\000e\000s\000e\000r\000v\000i\000n\000g\000\040\000A\000I}{appendix.A}% 52
\BOOKMARK [2][-]{subsection.A.10}{\376\377\000A\000.\0001\0000\000\040\000B\000a\000l\000a\000n\000c\000i\000n\000g\000\040\000P\000r\000i\000v\000a\000c\000y\000\040\000a\000n\000d\000\040\000P\000u\000b\000l\000i\000c\000\040\000S\000h\000a\000r\000i\000n\000g}{appendix.A}% 53
\BOOKMARK [1][-]{appendix.B}{\376\377\000B\000\040\000C\000o\000n\000c\000l\000u\000s\000i\000o\000n}{}% 54
\BOOKMARK [2][-]{subsection.B.1}{\376\377\000B\000.\0001\000\040\000K\000e\000y\000\040\000C\000o\000n\000t\000r\000i\000b\000u\000t\000i\000o\000n\000s\000\040\000a\000n\000d\000\040\000R\000e\000a\000l\000-\000W\000o\000r\000l\000d\000\040\000I\000m\000p\000a\000c\000t}{appendix.B}% 55
\BOOKMARK [2][-]{subsection.B.2}{\376\377\000B\000.\0002\000\040\000S\000y\000s\000t\000e\000m\000\040\000I\000n\000t\000e\000g\000r\000a\000t\000i\000o\000n}{appendix.B}% 56
\BOOKMARK [2][-]{subsection.B.3}{\376\377\000B\000.\0003\000\040\000V\000a\000l\000i\000d\000a\000t\000i\000o\000n\000\040\000i\000n\000\040\000P\000r\000o\000d\000u\000c\000t\000i\000o\000n}{appendix.B}% 57
\BOOKMARK [2][-]{subsection.B.4}{\376\377\000B\000.\0004\000\040\000F\000u\000t\000u\000r\000e\000\040\000W\000o\000r\000k\000\040\000a\000n\000d\000\040\000R\000o\000a\000d\000m\000a\000p}{appendix.B}% 58
\BOOKMARK [2][-]{subsection.B.5}{\376\377\000B\000.\0005\000\040\000L\000i\000m\000i\000t\000a\000t\000i\000o\000n\000s}{appendix.B}% 59
\BOOKMARK [2][-]{subsection.B.6}{\376\377\000B\000.\0006\000\040\000B\000r\000o\000a\000d\000e\000r\000\040\000I\000m\000p\000l\000i\000c\000a\000t\000i\000o\000n\000s}{appendix.B}% 60
\BOOKMARK [1][-]{section*.74}{\376\377\000A\000c\000k\000n\000o\000w\000l\000e\000d\000g\000m\000e\000n\000t\000s}{}% 61
\BOOKMARK [1][-]{appendix.A}{\376\377\000A\000\040\000G\000l\000o\000s\000s\000a\000r\000y\000\040\000o\000f\000\040\000T\000e\000r\000m\000s}{}% 62
\BOOKMARK [1][-]{section*.84}{\376\377\000R\000e\000f\000e\000r\000e\000n\000c\000e\000s}{}% 63
